TN:
SF:src\errors\CustomError.ts
FN:2,CustomError
FN:9,badRequest
FN:13,unauthorized
FN:17,notFound
FN:21,conflict
FN:25,internal
FNF:6
FNH:5
FNDA:11,CustomError
FNDA:0,badRequest
FNDA:2,unauthorized
FNDA:2,notFound
FNDA:3,conflict
FNDA:4,internal
DA:1,1
DA:2,1
DA:3,11
DA:4,11
DA:5,11
DA:6,11
DA:7,11
DA:8,1
DA:9,1
DA:10,0
DA:11,0
DA:12,1
DA:13,1
DA:14,2
DA:15,2
DA:16,1
DA:17,1
DA:18,2
DA:19,2
DA:20,1
DA:21,1
DA:22,3
DA:23,3
DA:24,1
DA:25,1
DA:26,4
DA:27,4
DA:28,1
LF:28
LH:26
BRDA:2,0,0,11
BRDA:13,1,0,2
BRDA:17,2,0,2
BRDA:21,3,0,3
BRDA:25,4,0,4
BRF:5
BRH:5
end_of_record
TN:
SF:src\middlewares\error.middleware.ts
FN:6,errorHandler
FNF:1
FNH:1
FNDA:3,errorHandler
DA:1,1
DA:2,1
DA:3,1
DA:4,1
DA:5,1
DA:6,1
DA:7,3
DA:8,3
DA:9,3
DA:10,3
DA:11,3
DA:12,3
DA:13,1
DA:14,1
DA:15,1
DA:16,1
DA:17,1
DA:18,1
DA:19,1
DA:20,1
DA:21,1
DA:22,1
DA:23,1
DA:24,2
DA:25,3
DA:26,1
DA:27,1
DA:28,1
DA:29,1
DA:30,1
DA:31,1
DA:32,1
DA:33,1
DA:34,1
DA:35,1
DA:36,1
DA:37,1
DA:38,1
LF:38
LH:38
BRDA:6,0,0,3
BRDA:12,1,0,1
BRDA:24,2,0,2
BRDA:25,3,0,1
BRDA:15,4,0,1
BRF:5
BRH:5
end_of_record
TN:
SF:src\middlewares\validate.middleware.ts
FN:5,validate
FNF:1
FNH:1
FNDA:2,validate
DA:1,1
DA:2,1
DA:3,1
DA:4,1
DA:5,1
DA:6,2
DA:7,2
DA:8,2
DA:9,2
DA:10,2
DA:11,1
DA:12,1
DA:13,2
DA:14,2
DA:15,1
LF:15
LH:15
BRDA:5,0,0,2
BRDA:6,1,0,2
BRDA:10,2,0,1
BRF:3
BRH:3
end_of_record
TN:
SF:src\modules\auth\auth.controller.ts
FN:7,AuthController
FN:9,AuthController.registerUser
FN:23,AuthController.loginUser
FNF:3
FNH:3
FNDA:4,AuthController
FNDA:2,AuthController.registerUser
FNDA:2,AuthController.loginUser
DA:1,1
DA:2,1
DA:3,1
DA:4,1
DA:5,1
DA:6,1
DA:7,1
DA:8,1
DA:9,1
DA:10,2
DA:11,2
DA:12,2
DA:13,2
DA:14,2
DA:15,2
DA:16,2
DA:17,1
DA:18,1
DA:19,1
DA:20,1
DA:21,2
DA:22,1
DA:23,1
DA:24,2
DA:25,2
DA:26,2
DA:27,2
DA:28,2
DA:29,2
DA:30,2
DA:31,1
DA:32,1
DA:33,1
DA:34,1
DA:35,2
DA:36,1
LF:36
LH:36
BRDA:7,0,0,4
BRDA:9,1,0,2
BRDA:13,2,0,2
BRDA:17,3,0,1
BRDA:23,4,0,2
BRDA:27,5,0,2
BRDA:31,6,0,1
BRF:7
BRH:7
end_of_record
TN:
SF:src\modules\auth\auth.model.ts
FN:6,findUser
FN:20,registerUser
FNF:2
FNH:2
FNDA:2,findUser
FNDA:2,registerUser
DA:1,1
DA:2,1
DA:3,1
DA:4,1
DA:5,1
DA:6,1
DA:7,2
DA:8,2
DA:9,2
DA:10,2
DA:11,2
DA:12,2
DA:13,1
DA:14,1
DA:15,1
DA:16,1
DA:17,1
DA:18,2
DA:19,1
DA:20,1
DA:21,2
DA:22,2
DA:23,1
DA:24,1
DA:25,1
DA:26,1
DA:27,1
DA:28,2
DA:29,1
LF:29
LH:29
BRDA:6,0,0,2
BRDA:13,1,0,1
BRDA:20,2,0,2
BRDA:23,3,0,1
BRF:4
BRH:4
end_of_record
TN:
SF:src\modules\auth\auth.service.ts
FN:9,AuthService
FN:11,registerUser
FN:26,loginUser
FNF:3
FNH:3
FNDA:5,AuthService
FNDA:2,registerUser
FNDA:3,loginUser
DA:1,1
DA:2,1
DA:3,1
DA:4,1
DA:5,1
DA:6,1
DA:7,1
DA:8,1
DA:9,1
DA:10,1
DA:11,1
DA:12,2
DA:13,2
DA:14,2
DA:15,2
DA:16,1
DA:17,1
DA:18,1
DA:19,1
DA:20,1
DA:21,1
DA:22,1
DA:23,1
DA:24,1
DA:25,1
DA:26,1
DA:27,3
DA:28,3
DA:29,3
DA:30,2
DA:31,2
DA:32,2
DA:33,2
DA:34,2
DA:35,3
DA:36,1
DA:37,1
DA:38,1
DA:39,1
DA:40,1
DA:41,1
DA:42,1
DA:43,1
DA:44,1
DA:45,1
DA:46,1
DA:47,1
DA:48,1
LF:48
LH:48
BRDA:9,0,0,5
BRDA:11,1,0,2
BRDA:15,2,0,1
BRDA:26,3,0,3
BRDA:29,4,0,1
BRDA:30,5,0,2
BRDA:35,6,0,1
BRF:7
BRH:7
end_of_record
TN:
SF:src\modules\auth\dtos\loginUser.dto.ts
FN:10,LoginUserDto
FNF:1
FNH:1
FNDA:2,LoginUserDto
DA:1,1
DA:2,1
DA:3,1
DA:4,1
DA:5,1
DA:6,1
DA:7,1
DA:8,1
DA:9,1
DA:10,1
DA:11,2
DA:12,2
DA:13,1
LF:13
LH:13
BRDA:10,0,0,2
BRF:1
BRH:1
end_of_record
TN:
SF:src\modules\auth\dtos\registerUser.dto.ts
FN:14,RegisterUserDto
FNF:1
FNH:1
FNDA:2,RegisterUserDto
DA:1,1
DA:2,1
DA:3,1
DA:4,1
DA:5,1
DA:6,1
DA:7,1
DA:8,1
DA:9,1
DA:10,1
DA:11,1
DA:12,1
DA:13,1
DA:14,1
DA:15,2
DA:16,2
DA:17,2
DA:18,2
DA:19,2
DA:20,1
LF:20
LH:20
BRDA:14,0,0,2
BRF:1
BRH:1
end_of_record
